<?xml version="1.0" encoding="UTF-8"?>
<!-- Generated by org.testng.reporters.JUnitReportReporter -->
<testsuite hostname="GOWRI" failures="0" tests="1" name="Testpkg.Testclass" time="32.757" errors="0" timestamp="2024-03-27T18:50:24 IST" skipped="0">
  <testcase classname="Testpkg.Testclass" name="verifyLoginWithValidCred" time="32.757"/>
</testsuite> <!-- Testpkg.Testclass -->
